2024-01-22-22:43-54 INFO   BaseTest : configuration : Report congiguration Started
2024-01-22-22:43-54 INFO   BaseTest : configuration : Report congiguration Finished
2024-01-22-22:43-57 INFO   BaseTest : getBrowserType : after Edge browser is configured
2024-01-22-22:43-57 INFO   BaseTest : Amazon Test1 : 
2024-01-22-22:44-12 INFO   BaseTest : teardown : after suite Finished
2024-01-22-22:48-58 INFO   BaseTest : configuration : Report congiguration Started
2024-01-22-22:48-58 INFO   BaseTest : configuration : Report congiguration Finished
2024-01-22-22:49-01 INFO   BaseTest : getBrowserType : after Chrome browser configured
2024-01-22-22:49-01 INFO   BaseTest : XE Test1 : 
2024-01-22-22:49-13 INFO   BaseTest : teardown : after suite Finished
2024-01-24-17:53-16 INFO   BaseTest : configuration : Report congiguration Started
2024-01-24-17:53-16 INFO   BaseTest : configuration : Report congiguration Finished
2024-01-24-17:53-21 INFO   BaseTest : getBrowserType : after Chrome browser configured
2024-01-24-17:53-21 INFO   BaseTest : XE Test1 : 
2024-01-24-17:53-29 INFO   BaseTest : teardown : after suite Finished
2024-01-24-22:38-03 INFO   BaseTest : configuration : Report congiguration Started
2024-01-24-22:38-03 INFO   BaseTest : configuration : Report congiguration Finished
2024-01-24-22:38-07 INFO   BaseTest : getBrowserType : after Chrome browser configured
2024-01-24-22:38-07 INFO   BaseTest : XE Test1 : 
2024-01-24-22:38-15 INFO   BaseTest : teardown : after suite Finished
2024-01-30-20:46-15 INFO   BaseTest : configuration : Report congiguration Started
2024-01-30-20:46-15 INFO   BaseTest : configuration : Report congiguration Finished
2024-01-30-20:46-20 INFO   BaseTest : getBrowserType : after Chrome browser configured
2024-01-30-20:46-20 INFO   BaseTest : XE Test1 : 
2024-01-30-20:46-27 INFO   BaseTest : teardown : after suite Finished
2024-01-30-20:55-00 INFO   BaseTest : configuration : Report congiguration Started
2024-01-30-20:55-00 INFO   BaseTest : configuration : Report congiguration Finished
2024-01-30-20:55-02 INFO   BaseTest : getBrowserType : after Chrome browser configured
2024-01-30-20:55-02 INFO   BaseTest : XE Test1 : 
2024-01-30-20:55-09 INFO   BaseTest : teardown : after suite Finished
2024-02-02-11:43-41 INFO   BaseTest : configuration : Report congiguration Started
2024-02-02-11:43-41 INFO   BaseTest : configuration : Report congiguration Finished
2024-02-02-11:43-46 INFO   BaseTest : getBrowserType : after Chrome browser configured
2024-02-02-11:43-56 INFO   BaseTest : getBrowserType : after Chrome browser configured
2024-02-02-11:44-01 INFO   BaseTest : getBrowserType : after Chrome browser configured
2024-02-02-11:44-02 INFO   LoginPage: enterusername : Started
2024-02-02-11:44-10 INFO   BaseTest : getBrowserType : after Chrome browser configured
2024-02-02-11:44-11 INFO   LoginPage: enterusername : Started
2024-02-02-11:44-17 INFO   BaseTest : getBrowserType : after Chrome browser configured
2024-02-02-11:44-17 INFO   LoginPage: enterusername : Started
2024-02-02-11:44-19 INFO   BaseTest : teardown : after suite Finished
2024-02-02-11:48-12 INFO   BaseTest : configuration : Report congiguration Started
2024-02-02-11:48-12 INFO   BaseTest : configuration : Report congiguration Finished
2024-02-02-11:48-15 INFO   BaseTest : getBrowserType : after Chrome browser configured
2024-02-02-11:48-23 INFO   BaseTest : teardown : after suite Finished
